<?xml version="1.0" encoding="UTF-8"?>
<!-- Generated by org.testng.reporters.JUnitReportReporter -->
<testsuite hostname="DESKTOP-RJ6DHNB" failures="0" tests="1" name="listeners.Listeners" time="0.015" errors="0" timestamp="2020-02-01T11:40:05 IST" skipped="0">
  <testcase classname="listeners.Listeners" name="setUp" time="0.015"/>
</testsuite> <!-- listeners.Listeners -->
