<?xml version="1.0" encoding="UTF-8"?>
<!-- Generated by org.testng.reporters.JUnitReportReporter -->
<testsuite hostname="DESKTOP-RJ6DHNB" failures="0" tests="1" name="testCases.BookFlightTest" time="6.550" errors="0" timestamp="2020-02-02T09:51:13 IST" skipped="0">
  <testcase classname="testCases.BookFlightTest" name="goToApplicationPage" time="6.550"/>
</testsuite> <!-- testCases.BookFlightTest -->
