<?xml version="1.0" encoding="UTF-8"?>
<!-- Generated by org.testng.reporters.JUnitReportReporter -->
<testsuite hostname="DESKTOP-RJ6DHNB" failures="0" tests="1" name="testCases.Rough" time="6.283" errors="0" timestamp="2020-02-01T22:42:54 IST" skipped="0">
  <testcase classname="testCases.Rough" name="filloTest" time="6.283"/>
</testsuite> <!-- testCases.Rough -->
